<?xml version="1.0" encoding="UTF-8"?>
<testng-results ignored="0" total="1" passed="1" failed="0" skipped="0">
  <reporter-output>
    <line>
      <![CDATA[TC is pass]]>
    </line>
  </reporter-output>
  <suite started-at="2022-12-28T22:45:33 IST" name="Default suite" finished-at="2022-12-28T22:45:33 IST" duration-ms="36">
    <groups>
    </groups>
    <test started-at="2022-12-28T22:45:33 IST" name="Default test" finished-at="2022-12-28T22:45:33 IST" duration-ms="36">
      <class name="TestNG.Testng">
        <test-method signature="one()[pri:0, instance:TestNG.Testng@ea6147e]" started-at="2022-12-28T22:45:33 IST" name="one" finished-at="2022-12-28T22:45:33 IST" duration-ms="8" status="PASS">
          <reporter-output>
            <line>
              <![CDATA[TC is pass]]>
            </line>
          </reporter-output>
        </test-method> <!-- one -->
      </class> <!-- TestNG.Testng -->
    </test> <!-- Default test -->
  </suite> <!-- Default suite -->
</testng-results>
